Using pre-set license
Built from '2020.3/staging' branch; Version is '2020.3.5f1 (8095aa901b9b) revision 8426922'; Using compiler version '192528614'; Build Type 'Release'
OS: 'Windows 10 Home; OS build 19045.3693; Version 2009; 64bit' Language: 'zh' Physical Memory: 14274 MB
BatchMode: 1, IsHumanControllingUs: 0, StartBugReporterOnCrash: 0, Is64bit: 1, IsPro: 0

 COMMAND LINE ARGUMENTS:
D:\Unity\2020.3.5f1\Editor\Unity.exe
-adb2
-batchMode
-noUpm
-name
AssetImportWorker0
-projectPath
E:/Unity/Traumhause_Fan he
-logFile
Logs/AssetImportWorker0.log
-srvPort
56066
Successfully changed project path to: E:/Unity/Traumhause_Fan he
E:/Unity/Traumhause_Fan he
Using Asset Import Pipeline V2.
Refreshing native plugins compatible for Editor in 114.83 ms, found 0 plugins.
Preloading 0 native plugins for Editor in 0.00 ms.
Initialize engine version: 2020.3.5f1 (8095aa901b9b)
[Subsystems] Discovering subsystems at path D:/Unity/2020.3.5f1/Editor/Data/Resources/UnitySubsystems
[Subsystems] Discovering subsystems at path E:/Unity/Traumhause_Fan he/Assets
GfxDevice: creating device client; threaded=0
Direct3D:
    Version:  Direct3D 11.0 [level 11.1]
    Renderer: NVIDIA GeForce GTX 1050 Ti (ID=0x1c8c)
    Vendor:   
    VRAM:     4021 MB
    Driver:   27.21.14.5167
Initialize mono
Mono path[0] = 'D:/Unity/2020.3.5f1/Editor/Data/Managed'
Mono path[1] = 'D:/Unity/2020.3.5f1/Editor/Data/MonoBleedingEdge/lib/mono/unityjit'
Mono config path = 'D:/Unity/2020.3.5f1/Editor/Data/MonoBleedingEdge/etc'
Using monoOptions --debugger-agent=transport=dt_socket,embedding=1,server=y,suspend=n,address=127.0.0.1:56540
Begin MonoManager ReloadAssembly
Registering precompiled unity dll's ...
Register platform support module: D:/Unity/2020.3.5f1/Editor/Data/PlaybackEngines/WindowsStandaloneSupport/UnityEditor.WindowsStandalone.Extensions.dll
Registered in 0.001367 seconds.
Native extension for WindowsStandalone target not found
Refreshing native plugins compatible for Editor in 107.31 ms, found 0 plugins.
Preloading 0 native plugins for Editor in 0.00 ms.
Mono: successfully reloaded assembly
- Completed reload, in  2.197 seconds
Platform modules already initialized, skipping
Registering precompiled user dll's ...
Registered in 0.004211 seconds.
Begin MonoManager ReloadAssembly
Native extension for WindowsStandalone target not found
Refreshing native plugins compatible for Editor in 123.90 ms, found 0 plugins.
Preloading 0 native plugins for Editor in 0.00 ms.
Mono: successfully reloaded assembly
- Completed reload, in  1.798 seconds
Platform modules already initialized, skipping
========================================================================
Worker process is ready to serve import requests
Launched and connected shader compiler UnityShaderCompiler.exe after 0.05 seconds
Refreshing native plugins compatible for Editor in 2.77 ms, found 0 plugins.
Preloading 0 native plugins for Editor in 0.00 ms.
Unloading 3999 Unused Serialized files (Serialized files now loaded: 0)
System memory in use before: 293.8 MB.
System memory in use after: 293.8 MB.

Unloading 39 unused Assets to reduce memory usage. Loaded Objects now: 4492.
Total: 7.040100 ms (FindLiveObjects: 1.037800 ms CreateObjectMapping: 0.618400 ms MarkObjects: 4.918900 ms  DeleteObjects: 0.462300 ms)

========================================================================
Received Import Request.
  path: Assets/Bag/Blumen.asset
  artifactKey: Guid(0371d1afc7614fc4ca7317d1d3b141b6) Importer(815301076,1909f56bfc062723c751e8b465ee728b)
Start importing Assets/Bag/Blumen.asset using Guid(0371d1afc7614fc4ca7317d1d3b141b6) Importer(815301076,1909f56bfc062723c751e8b465ee728b)  -> (artifact id: 'cfaf74947ab12393e511430197df6604') in 0.075303 seconds
  Import took 0.089932 seconds .

========================================================================
Received Import Request.
  Time since last request: 0.000317 seconds.
  path: Assets/Bag/New MainItem.asset
  artifactKey: Guid(263190c6e169fef4c81f657e375348ad) Importer(815301076,1909f56bfc062723c751e8b465ee728b)
Start importing Assets/Bag/New MainItem.asset using Guid(263190c6e169fef4c81f657e375348ad) Importer(815301076,1909f56bfc062723c751e8b465ee728b)  -> (artifact id: '54726f96720db52ef562d7652d0b31a3') in 0.016115 seconds
  Import took 0.034620 seconds .

========================================================================
Received Import Request.
  Time since last request: 0.000325 seconds.
  path: Assets/Bag/Obst.asset
  artifactKey: Guid(16054f7f5f2bbbd4caf944d994e9591e) Importer(815301076,1909f56bfc062723c751e8b465ee728b)
Start importing Assets/Bag/Obst.asset using Guid(16054f7f5f2bbbd4caf944d994e9591e) Importer(815301076,1909f56bfc062723c751e8b465ee728b)  -> (artifact id: '337f89fa6f04dde5a76bd0e2c554e899') in 0.016350 seconds
  Import took 0.028078 seconds .

========================================================================
Received Import Request.
  Time since last request: 0.000292 seconds.
  path: Assets/materials/UI.png
  artifactKey: Guid(cbc3c67a3e6c3bd40855824064bea64d) Importer(815301076,1909f56bfc062723c751e8b465ee728b)
Start importing Assets/materials/UI.png using Guid(cbc3c67a3e6c3bd40855824064bea64d) Importer(815301076,1909f56bfc062723c751e8b465ee728b)  -> (artifact id: '4533c7849f0712b5751a23c9f199949b') in 0.142452 seconds
  Import took 0.152491 seconds .

========================================================================
Received Import Request.
  Time since last request: 0.000372 seconds.
  path: Assets/Bag/New Item.asset
  artifactKey: Guid(837b9a5dd568ca446a505c1b08f539d3) Importer(815301076,1909f56bfc062723c751e8b465ee728b)
Start importing Assets/Bag/New Item.asset using Guid(837b9a5dd568ca446a505c1b08f539d3) Importer(815301076,1909f56bfc062723c751e8b465ee728b)  -> (artifact id: 'ccd6ea261a127b23f0e6305f5e1b6112') in 0.021009 seconds
  Import took 0.035220 seconds .

========================================================================
Received Import Request.
  Time since last request: 4.397422 seconds.
  path: Assets/materials/UI.png
  artifactKey: Guid(cbc3c67a3e6c3bd40855824064bea64d) Importer(815301076,1909f56bfc062723c751e8b465ee728b)
Start importing Assets/materials/UI.png using Guid(cbc3c67a3e6c3bd40855824064bea64d) Importer(815301076,1909f56bfc062723c751e8b465ee728b)  -> (artifact id: '53251999008c14bd9228ac8fe00f05f2') in 0.158232 seconds
  Import took 0.169629 seconds .

========================================================================
Received Import Request.
  Time since last request: 0.050574 seconds.
  path: Assets/materials/UI.png
  artifactKey: Guid(cbc3c67a3e6c3bd40855824064bea64d) Importer(815301076,1909f56bfc062723c751e8b465ee728b)
Start importing Assets/materials/UI.png using Guid(cbc3c67a3e6c3bd40855824064bea64d) Importer(815301076,1909f56bfc062723c751e8b465ee728b)  -> (artifact id: '53251999008c14bd9228ac8fe00f05f2') in 0.025288 seconds
  Import took 0.033612 seconds .

========================================================================
Received Import Request.
  Time since last request: 176.923849 seconds.
  path: Assets/materials/UI.png
  artifactKey: Guid(cbc3c67a3e6c3bd40855824064bea64d) Importer(815301076,1909f56bfc062723c751e8b465ee728b)
Start importing Assets/materials/UI.png using Guid(cbc3c67a3e6c3bd40855824064bea64d) Importer(815301076,1909f56bfc062723c751e8b465ee728b)  -> (artifact id: '8c737bea0c482a60ff02261ba8f8941e') in 0.018853 seconds
  Import took 0.027897 seconds .

========================================================================
Received Import Request.
  Time since last request: 92.107779 seconds.
  path: Assets/materials/UI.png
  artifactKey: Guid(cbc3c67a3e6c3bd40855824064bea64d) Importer(815301076,1909f56bfc062723c751e8b465ee728b)
Start importing Assets/materials/UI.png using Guid(cbc3c67a3e6c3bd40855824064bea64d) Importer(815301076,1909f56bfc062723c751e8b465ee728b)  -> (artifact id: '3a18f89db4328e32a4d8470b4e3269b7') in 0.017965 seconds
  Import took 0.026769 seconds .

========================================================================
Received Import Request.
  Time since last request: 317.045957 seconds.
  path: Assets/materials/UI.png
  artifactKey: Guid(cbc3c67a3e6c3bd40855824064bea64d) Importer(815301076,1909f56bfc062723c751e8b465ee728b)
Start importing Assets/materials/UI.png using Guid(cbc3c67a3e6c3bd40855824064bea64d) Importer(815301076,1909f56bfc062723c751e8b465ee728b)  -> (artifact id: 'e22889c88118d3f1a1733ccb1f7d526f') in 0.022099 seconds
  Import took 0.032713 seconds .

========================================================================
Received Import Request.
  Time since last request: 287.562283 seconds.
  path: Assets/ArtSour/fxb/棱角球.002 Duplicator_棱角球.002 - copy_Dupli_21.prefab
  artifactKey: Guid(2f2529b00f940924792a0140e25be5a4) Importer(815301076,1909f56bfc062723c751e8b465ee728b)
Start importing Assets/ArtSour/fxb/棱角球.002 Duplicator_棱角球.002 - copy_Dupli_21.prefab using Guid(2f2529b00f940924792a0140e25be5a4) Importer(815301076,1909f56bfc062723c751e8b465ee728b) Launched and connected shader compiler UnityShaderCompiler.exe after 0.07 seconds
Launched and connected shader compiler UnityShaderCompiler.exe after 0.06 seconds
Launched and connected shader compiler UnityShaderCompiler.exe after 0.07 seconds
Launched and connected shader compiler UnityShaderCompiler.exe after 0.07 seconds
Launched and connected shader compiler UnityShaderCompiler.exe after 0.07 seconds
Launched and connected shader compiler UnityShaderCompiler.exe after 0.07 seconds
Launched and connected shader compiler UnityShaderCompiler.exe after 0.07 seconds
 -> (artifact id: '8accb55f40fb9e3b1beec1101d2c0ca8') in 3.633745 seconds
  Import took 3.647251 seconds .

========================================================================
Received Import Request.
  Time since last request: 9.630594 seconds.
  path: Assets/ArtSour/fxb/UI Setting.prefab
  artifactKey: Guid(2f2529b00f940924792a0140e25be5a4) Importer(815301076,1909f56bfc062723c751e8b465ee728b)
Start importing Assets/ArtSour/fxb/UI Setting.prefab using Guid(2f2529b00f940924792a0140e25be5a4) Importer(815301076,1909f56bfc062723c751e8b465ee728b)  -> (artifact id: '99b960db848d6bd059d35b9370ad7acb') in 0.063348 seconds
  Import took 0.076207 seconds .

========================================================================
Received Prepare
Registering precompiled user dll's ...
Registered in 0.005678 seconds.
Begin MonoManager ReloadAssembly
Native extension for WindowsStandalone target not found
Refreshing native plugins compatible for Editor in 1.47 ms, found 0 plugins.
Preloading 0 native plugins for Editor in 0.00 ms.
Mono: successfully reloaded assembly
- Completed reload, in  1.577 seconds
Platform modules already initialized, skipping
Refreshing native plugins compatible for Editor in 1.61 ms, found 0 plugins.
Preloading 0 native plugins for Editor in 0.00 ms.
Unloading 3721 Unused Serialized files (Serialized files now loaded: 0)
System memory in use before: 288.4 MB.
System memory in use after: 288.3 MB.

Unloading 31 unused Assets to reduce memory usage. Loaded Objects now: 4627.
Total: 6.389400 ms (FindLiveObjects: 0.981500 ms CreateObjectMapping: 0.573600 ms MarkObjects: 4.439700 ms  DeleteObjects: 0.392700 ms)

========================================================================
Received Prepare
Registering precompiled user dll's ...
Registered in 0.004426 seconds.
Begin MonoManager ReloadAssembly
Native extension for WindowsStandalone target not found
Refreshing native plugins compatible for Editor in 2.04 ms, found 0 plugins.
Preloading 0 native plugins for Editor in 0.00 ms.
Mono: successfully reloaded assembly
- Completed reload, in  1.995 seconds
Platform modules already initialized, skipping
Refreshing native plugins compatible for Editor in 1.47 ms, found 0 plugins.
Preloading 0 native plugins for Editor in 0.00 ms.
Unloading 3709 Unused Serialized files (Serialized files now loaded: 0)
System memory in use before: 288.0 MB.
System memory in use after: 287.9 MB.

Unloading 31 unused Assets to reduce memory usage. Loaded Objects now: 4630.
Total: 8.121700 ms (FindLiveObjects: 0.615800 ms CreateObjectMapping: 0.760500 ms MarkObjects: 6.175000 ms  DeleteObjects: 0.567500 ms)

========================================================================
Received Prepare
Registering precompiled user dll's ...
Registered in 0.004047 seconds.
Begin MonoManager ReloadAssembly
Native extension for WindowsStandalone target not found
Refreshing native plugins compatible for Editor in 1.03 ms, found 0 plugins.
Preloading 0 native plugins for Editor in 0.00 ms.
Mono: successfully reloaded assembly
- Completed reload, in  1.555 seconds
Platform modules already initialized, skipping
Refreshing native plugins compatible for Editor in 1.05 ms, found 0 plugins.
Preloading 0 native plugins for Editor in 0.00 ms.
Unloading 3709 Unused Serialized files (Serialized files now loaded: 0)
System memory in use before: 288.0 MB.
System memory in use after: 287.9 MB.

Unloading 31 unused Assets to reduce memory usage. Loaded Objects now: 4633.
Total: 4.927100 ms (FindLiveObjects: 0.519300 ms CreateObjectMapping: 0.212300 ms MarkObjects: 3.787000 ms  DeleteObjects: 0.406700 ms)

========================================================================
Received Prepare
Registering precompiled user dll's ...
Registered in 0.004274 seconds.
Begin MonoManager ReloadAssembly
Native extension for WindowsStandalone target not found
Refreshing native plugins compatible for Editor in 1.45 ms, found 0 plugins.
Preloading 0 native plugins for Editor in 0.00 ms.
Mono: successfully reloaded assembly
- Completed reload, in  1.495 seconds
Platform modules already initialized, skipping
Refreshing native plugins compatible for Editor in 1.66 ms, found 0 plugins.
Preloading 0 native plugins for Editor in 0.00 ms.
Unloading 3709 Unused Serialized files (Serialized files now loaded: 0)
System memory in use before: 288.0 MB.
System memory in use after: 287.9 MB.

Unloading 31 unused Assets to reduce memory usage. Loaded Objects now: 4636.
Total: 4.580400 ms (FindLiveObjects: 0.463300 ms CreateObjectMapping: 0.136600 ms MarkObjects: 3.573300 ms  DeleteObjects: 0.405400 ms)

========================================================================
Received Prepare
Registering precompiled user dll's ...
Registered in 0.004282 seconds.
Begin MonoManager ReloadAssembly
Native extension for WindowsStandalone target not found
Refreshing native plugins compatible for Editor in 1.12 ms, found 0 plugins.
Preloading 0 native plugins for Editor in 0.00 ms.
Mono: successfully reloaded assembly
- Completed reload, in  1.473 seconds
Platform modules already initialized, skipping
Refreshing native plugins compatible for Editor in 1.03 ms, found 0 plugins.
Preloading 0 native plugins for Editor in 0.00 ms.
Unloading 3709 Unused Serialized files (Serialized files now loaded: 0)
System memory in use before: 288.0 MB.
System memory in use after: 288.0 MB.

Unloading 31 unused Assets to reduce memory usage. Loaded Objects now: 4639.
Total: 4.663000 ms (FindLiveObjects: 0.618400 ms CreateObjectMapping: 0.205100 ms MarkObjects: 3.394300 ms  DeleteObjects: 0.444200 ms)

========================================================================
Received Prepare
Registering precompiled user dll's ...
Registered in 0.004721 seconds.
Begin MonoManager ReloadAssembly
Native extension for WindowsStandalone target not found
Refreshing native plugins compatible for Editor in 1.32 ms, found 0 plugins.
Preloading 0 native plugins for Editor in 0.00 ms.
Mono: successfully reloaded assembly
- Completed reload, in  1.522 seconds
Platform modules already initialized, skipping
Refreshing native plugins compatible for Editor in 1.17 ms, found 0 plugins.
Preloading 0 native plugins for Editor in 0.00 ms.
Unloading 3709 Unused Serialized files (Serialized files now loaded: 0)
System memory in use before: 288.1 MB.
System memory in use after: 288.0 MB.

Unloading 31 unused Assets to reduce memory usage. Loaded Objects now: 4642.
Total: 6.661700 ms (FindLiveObjects: 0.947200 ms CreateObjectMapping: 0.553500 ms MarkObjects: 4.718000 ms  DeleteObjects: 0.440700 ms)

========================================================================
Received Import Request.
  Time since last request: 2896.635302 seconds.
  path: Assets/ArtSour/fxb/平面.002 - copy.004.prefab
  artifactKey: Guid(43006176bebdd6447a914a7feccb0121) Importer(815301076,1909f56bfc062723c751e8b465ee728b)
Start importing Assets/ArtSour/fxb/平面.002 - copy.004.prefab using Guid(43006176bebdd6447a914a7feccb0121) Importer(815301076,1909f56bfc062723c751e8b465ee728b)  -> (artifact id: '01e0169af63b377d2a4cfb96a83fbbef') in 0.786498 seconds
  Import took 0.797361 seconds .

========================================================================
Received Import Request.
  Time since last request: 10.382266 seconds.
  path: Assets/ArtSour/fxb/UI Bauen.prefab
  artifactKey: Guid(43006176bebdd6447a914a7feccb0121) Importer(815301076,1909f56bfc062723c751e8b465ee728b)
Start importing Assets/ArtSour/fxb/UI Bauen.prefab using Guid(43006176bebdd6447a914a7feccb0121) Importer(815301076,1909f56bfc062723c751e8b465ee728b)  -> (artifact id: '8e4427e1b84d9bb4406a23aeff37720b') in 0.039280 seconds
  Import took 0.047925 seconds .

========================================================================
Received Import Request.
  Time since last request: 4.435078 seconds.
  path: Assets/ArtSour/fxb/UI Bauen.prefab
  artifactKey: Guid(43006176bebdd6447a914a7feccb0121) Importer(815301076,1909f56bfc062723c751e8b465ee728b)
Start importing Assets/ArtSour/fxb/UI Bauen.prefab using Guid(43006176bebdd6447a914a7feccb0121) Importer(815301076,1909f56bfc062723c751e8b465ee728b)  -> (artifact id: '0fa6ca7a4a950976ee64b7e3cc0349d1') in 0.068123 seconds
  Import took 0.076532 seconds .

========================================================================
Received Import Request.
  Time since last request: 0.065557 seconds.
  path: Assets/ArtSour/fxb/UI Bauen.prefab
  artifactKey: Guid(43006176bebdd6447a914a7feccb0121) Importer(815301076,1909f56bfc062723c751e8b465ee728b)
Start importing Assets/ArtSour/fxb/UI Bauen.prefab using Guid(43006176bebdd6447a914a7feccb0121) Importer(815301076,1909f56bfc062723c751e8b465ee728b)  -> (artifact id: '0fa6ca7a4a950976ee64b7e3cc0349d1') in 0.032508 seconds
  Import took 0.040416 seconds .

========================================================================
Received Import Request.
  Time since last request: 3.716225 seconds.
  path: Assets/ArtSour/fxb/UI Bauen.prefab
  artifactKey: Guid(43006176bebdd6447a914a7feccb0121) Importer(815301076,1909f56bfc062723c751e8b465ee728b)
Start importing Assets/ArtSour/fxb/UI Bauen.prefab using Guid(43006176bebdd6447a914a7feccb0121) Importer(815301076,1909f56bfc062723c751e8b465ee728b)  -> (artifact id: 'ac5f07e295664415d90300ce927927b4') in 0.030181 seconds
  Import took 0.038459 seconds .

========================================================================
Received Import Request.
  Time since last request: 0.378569 seconds.
  path: Assets/ArtSour/fxb/UI Bauen.prefab
  artifactKey: Guid(43006176bebdd6447a914a7feccb0121) Importer(815301076,1909f56bfc062723c751e8b465ee728b)
Start importing Assets/ArtSour/fxb/UI Bauen.prefab using Guid(43006176bebdd6447a914a7feccb0121) Importer(815301076,1909f56bfc062723c751e8b465ee728b)  -> (artifact id: '0597d82021e30c29db7038a6ed49bb8c') in 0.029745 seconds
  Import took 0.037949 seconds .

========================================================================
Received Import Request.
  Time since last request: 0.014482 seconds.
  path: Assets/ArtSour/fxb/UI Bauen.prefab
  artifactKey: Guid(43006176bebdd6447a914a7feccb0121) Importer(815301076,1909f56bfc062723c751e8b465ee728b)
Start importing Assets/ArtSour/fxb/UI Bauen.prefab using Guid(43006176bebdd6447a914a7feccb0121) Importer(815301076,1909f56bfc062723c751e8b465ee728b)  -> (artifact id: '0597d82021e30c29db7038a6ed49bb8c') in 0.035140 seconds
  Import took 0.042517 seconds .

========================================================================
Received Import Request.
  Time since last request: 1.594054 seconds.
  path: Assets/ArtSour/fxb/UI Bauen.prefab
  artifactKey: Guid(43006176bebdd6447a914a7feccb0121) Importer(815301076,1909f56bfc062723c751e8b465ee728b)
Start importing Assets/ArtSour/fxb/UI Bauen.prefab using Guid(43006176bebdd6447a914a7feccb0121) Importer(815301076,1909f56bfc062723c751e8b465ee728b)  -> (artifact id: 'f112aec4598eb5b4d2f7ec192ac42bf8') in 0.029215 seconds
  Import took 0.038158 seconds .

========================================================================
Received Import Request.
  Time since last request: 0.015295 seconds.
  path: Assets/ArtSour/fxb/UI Bauen.prefab
  artifactKey: Guid(43006176bebdd6447a914a7feccb0121) Importer(815301076,1909f56bfc062723c751e8b465ee728b)
Start importing Assets/ArtSour/fxb/UI Bauen.prefab using Guid(43006176bebdd6447a914a7feccb0121) Importer(815301076,1909f56bfc062723c751e8b465ee728b)  -> (artifact id: 'f112aec4598eb5b4d2f7ec192ac42bf8') in 0.030659 seconds
  Import took 0.037914 seconds .

========================================================================
Received Import Request.
  Time since last request: 0.367782 seconds.
  path: Assets/ArtSour/fxb/UI Bauen.prefab
  artifactKey: Guid(43006176bebdd6447a914a7feccb0121) Importer(815301076,1909f56bfc062723c751e8b465ee728b)
Start importing Assets/ArtSour/fxb/UI Bauen.prefab using Guid(43006176bebdd6447a914a7feccb0121) Importer(815301076,1909f56bfc062723c751e8b465ee728b)  -> (artifact id: 'f56ccdd829bbde2dd0d4cb560bad3978') in 0.033648 seconds
  Import took 0.041431 seconds .

========================================================================
Received Import Request.
  Time since last request: 0.015313 seconds.
  path: Assets/ArtSour/fxb/UI Bauen.prefab
  artifactKey: Guid(43006176bebdd6447a914a7feccb0121) Importer(815301076,1909f56bfc062723c751e8b465ee728b)
Start importing Assets/ArtSour/fxb/UI Bauen.prefab using Guid(43006176bebdd6447a914a7feccb0121) Importer(815301076,1909f56bfc062723c751e8b465ee728b)  -> (artifact id: 'f56ccdd829bbde2dd0d4cb560bad3978') in 0.028683 seconds
  Import took 0.036071 seconds .

========================================================================
Received Import Request.
  Time since last request: 2.425619 seconds.
  path: Assets/ArtSour/fxb/UI Bauen.prefab
  artifactKey: Guid(43006176bebdd6447a914a7feccb0121) Importer(815301076,1909f56bfc062723c751e8b465ee728b)
Start importing Assets/ArtSour/fxb/UI Bauen.prefab using Guid(43006176bebdd6447a914a7feccb0121) Importer(815301076,1909f56bfc062723c751e8b465ee728b)  -> (artifact id: 'cc74ea6dcd2297a5f584acb2e90dd799') in 0.036745 seconds
  Import took 0.044869 seconds .

========================================================================
Received Import Request.
  Time since last request: 1.788799 seconds.
  path: Assets/ArtSour/fxb/UI Bauen.prefab
  artifactKey: Guid(43006176bebdd6447a914a7feccb0121) Importer(815301076,1909f56bfc062723c751e8b465ee728b)
Start importing Assets/ArtSour/fxb/UI Bauen.prefab using Guid(43006176bebdd6447a914a7feccb0121) Importer(815301076,1909f56bfc062723c751e8b465ee728b)  -> (artifact id: '6556c5a1c1af1bddc03c1ae81836e415') in 0.032056 seconds
  Import took 0.041385 seconds .

========================================================================
Received Import Request.
  Time since last request: 0.026242 seconds.
  path: Assets/ArtSour/fxb/UI Bauen.prefab
  artifactKey: Guid(43006176bebdd6447a914a7feccb0121) Importer(815301076,1909f56bfc062723c751e8b465ee728b)
Start importing Assets/ArtSour/fxb/UI Bauen.prefab using Guid(43006176bebdd6447a914a7feccb0121) Importer(815301076,1909f56bfc062723c751e8b465ee728b)  -> (artifact id: '6556c5a1c1af1bddc03c1ae81836e415') in 0.027475 seconds
  Import took 0.035806 seconds .

========================================================================
Received Import Request.
  Time since last request: 1.875297 seconds.
  path: Assets/ArtSour/fxb/UI Bauen.prefab
  artifactKey: Guid(43006176bebdd6447a914a7feccb0121) Importer(815301076,1909f56bfc062723c751e8b465ee728b)
Start importing Assets/ArtSour/fxb/UI Bauen.prefab using Guid(43006176bebdd6447a914a7feccb0121) Importer(815301076,1909f56bfc062723c751e8b465ee728b)  -> (artifact id: '1d8731536e384cf7c6e54612d40490cf') in 0.148671 seconds
  Import took 0.156837 seconds .

========================================================================
Received Import Request.
  Time since last request: 0.139058 seconds.
  path: Assets/ArtSour/fxb/UI Bauen.prefab
  artifactKey: Guid(43006176bebdd6447a914a7feccb0121) Importer(815301076,1909f56bfc062723c751e8b465ee728b)
Start importing Assets/ArtSour/fxb/UI Bauen.prefab using Guid(43006176bebdd6447a914a7feccb0121) Importer(815301076,1909f56bfc062723c751e8b465ee728b)  -> (artifact id: '1d8731536e384cf7c6e54612d40490cf') in 0.031005 seconds
  Import took 0.040412 seconds .

========================================================================
Received Import Request.
  Time since last request: 12.692927 seconds.
  path: Assets/ArtSour/fxb/UI Bauen.prefab
  artifactKey: Guid(43006176bebdd6447a914a7feccb0121) Importer(815301076,1909f56bfc062723c751e8b465ee728b)
Start importing Assets/ArtSour/fxb/UI Bauen.prefab using Guid(43006176bebdd6447a914a7feccb0121) Importer(815301076,1909f56bfc062723c751e8b465ee728b)  -> (artifact id: '26350c14b2e700e6ff2343d5df15cdf8') in 0.038426 seconds
  Import took 0.047009 seconds .

========================================================================
Received Import Request.
  Time since last request: 3.073709 seconds.
  path: Assets/ArtSour/fxb/UI Bauen.prefab
  artifactKey: Guid(43006176bebdd6447a914a7feccb0121) Importer(815301076,1909f56bfc062723c751e8b465ee728b)
Start importing Assets/ArtSour/fxb/UI Bauen.prefab using Guid(43006176bebdd6447a914a7feccb0121) Importer(815301076,1909f56bfc062723c751e8b465ee728b)  -> (artifact id: '18d676659681ac35b94234ec1ff2e5ba') in 0.037704 seconds
  Import took 0.045887 seconds .

========================================================================
Received Import Request.
  Time since last request: 3.613743 seconds.
  path: Assets/ArtSour/fxb/UI Bauen.prefab
  artifactKey: Guid(43006176bebdd6447a914a7feccb0121) Importer(815301076,1909f56bfc062723c751e8b465ee728b)
Start importing Assets/ArtSour/fxb/UI Bauen.prefab using Guid(43006176bebdd6447a914a7feccb0121) Importer(815301076,1909f56bfc062723c751e8b465ee728b)  -> (artifact id: '88f7132333de9a9d2fa3059ca6ee14ac') in 0.031239 seconds
  Import took 0.040759 seconds .

========================================================================
Received Import Request.
  Time since last request: 5.111832 seconds.
  path: Assets/ArtSour/fxb/UI Bauen.prefab
  artifactKey: Guid(43006176bebdd6447a914a7feccb0121) Importer(815301076,1909f56bfc062723c751e8b465ee728b)
Start importing Assets/ArtSour/fxb/UI Bauen.prefab using Guid(43006176bebdd6447a914a7feccb0121) Importer(815301076,1909f56bfc062723c751e8b465ee728b)  -> (artifact id: '09ba9eda3beafe8d973390c86752a01d') in 0.029127 seconds
  Import took 0.038169 seconds .

========================================================================
Received Prepare
Registering precompiled user dll's ...
Registered in 0.004804 seconds.
Begin MonoManager ReloadAssembly
Native extension for WindowsStandalone target not found
Refreshing native plugins compatible for Editor in 1.08 ms, found 0 plugins.
Preloading 0 native plugins for Editor in 0.00 ms.
Mono: successfully reloaded assembly
- Completed reload, in  1.519 seconds
Platform modules already initialized, skipping
Refreshing native plugins compatible for Editor in 1.05 ms, found 0 plugins.
Preloading 0 native plugins for Editor in 0.00 ms.
Unloading 3709 Unused Serialized files (Serialized files now loaded: 0)
System memory in use before: 288.7 MB.
System memory in use after: 288.7 MB.

Unloading 31 unused Assets to reduce memory usage. Loaded Objects now: 4745.
Total: 7.067400 ms (FindLiveObjects: 0.939400 ms CreateObjectMapping: 0.385700 ms MarkObjects: 5.029800 ms  DeleteObjects: 0.710300 ms)

========================================================================
Received Prepare
Registering precompiled user dll's ...
Registered in 0.005286 seconds.
Begin MonoManager ReloadAssembly
Native extension for WindowsStandalone target not found
Refreshing native plugins compatible for Editor in 1.18 ms, found 0 plugins.
Preloading 0 native plugins for Editor in 0.00 ms.
Mono: successfully reloaded assembly
- Completed reload, in  1.571 seconds
Platform modules already initialized, skipping
Refreshing native plugins compatible for Editor in 1.03 ms, found 0 plugins.
Preloading 0 native plugins for Editor in 0.00 ms.
Unloading 3709 Unused Serialized files (Serialized files now loaded: 0)
System memory in use before: 288.5 MB.
System memory in use after: 288.5 MB.

Unloading 31 unused Assets to reduce memory usage. Loaded Objects now: 4748.
Total: 4.780100 ms (FindLiveObjects: 0.501200 ms CreateObjectMapping: 0.168800 ms MarkObjects: 3.695800 ms  DeleteObjects: 0.413200 ms)

========================================================================
Received Prepare
Registering precompiled user dll's ...
Registered in 0.004529 seconds.
Begin MonoManager ReloadAssembly
Native extension for WindowsStandalone target not found
Refreshing native plugins compatible for Editor in 1.03 ms, found 0 plugins.
Preloading 0 native plugins for Editor in 0.00 ms.
Mono: successfully reloaded assembly
- Completed reload, in  1.451 seconds
Platform modules already initialized, skipping
Refreshing native plugins compatible for Editor in 1.10 ms, found 0 plugins.
Preloading 0 native plugins for Editor in 0.00 ms.
Unloading 3709 Unused Serialized files (Serialized files now loaded: 0)
System memory in use before: 288.6 MB.
System memory in use after: 288.5 MB.

Unloading 31 unused Assets to reduce memory usage. Loaded Objects now: 4751.
Total: 4.769200 ms (FindLiveObjects: 0.579000 ms CreateObjectMapping: 0.284100 ms MarkObjects: 3.460200 ms  DeleteObjects: 0.444200 ms)

========================================================================
Received Prepare
Registering precompiled user dll's ...
Registered in 0.003909 seconds.
Begin MonoManager ReloadAssembly
Native extension for WindowsStandalone target not found
Refreshing native plugins compatible for Editor in 1.76 ms, found 0 plugins.
Preloading 0 native plugins for Editor in 0.00 ms.
Mono: successfully reloaded assembly
- Completed reload, in  1.438 seconds
Platform modules already initialized, skipping
Refreshing native plugins compatible for Editor in 1.11 ms, found 0 plugins.
Preloading 0 native plugins for Editor in 0.00 ms.
Unloading 3709 Unused Serialized files (Serialized files now loaded: 0)
System memory in use before: 288.6 MB.
System memory in use after: 288.5 MB.

Unloading 31 unused Assets to reduce memory usage. Loaded Objects now: 4754.
Total: 4.868800 ms (FindLiveObjects: 0.566000 ms CreateObjectMapping: 0.254700 ms MarkObjects: 3.587000 ms  DeleteObjects: 0.459300 ms)

========================================================================
Received Prepare
Registering precompiled user dll's ...
Registered in 0.004740 seconds.
Begin MonoManager ReloadAssembly
Native extension for WindowsStandalone target not found
Refreshing native plugins compatible for Editor in 1.03 ms, found 0 plugins.
Preloading 0 native plugins for Editor in 0.00 ms.
Mono: successfully reloaded assembly
- Completed reload, in  1.535 seconds
Platform modules already initialized, skipping
Refreshing native plugins compatible for Editor in 1.05 ms, found 0 plugins.
Preloading 0 native plugins for Editor in 0.00 ms.
Unloading 3709 Unused Serialized files (Serialized files now loaded: 0)
System memory in use before: 288.6 MB.
System memory in use after: 288.5 MB.

Unloading 31 unused Assets to reduce memory usage. Loaded Objects now: 4757.
Total: 5.486400 ms (FindLiveObjects: 0.762000 ms CreateObjectMapping: 0.292100 ms MarkObjects: 3.901800 ms  DeleteObjects: 0.528100 ms)

========================================================================
Received Prepare
Registering precompiled user dll's ...
Registered in 0.005607 seconds.
Begin MonoManager ReloadAssembly
Native extension for WindowsStandalone target not found
Refreshing native plugins compatible for Editor in 1.06 ms, found 0 plugins.
Preloading 0 native plugins for Editor in 0.00 ms.
Mono: successfully reloaded assembly
- Completed reload, in  1.583 seconds
Platform modules already initialized, skipping
Refreshing native plugins compatible for Editor in 1.06 ms, found 0 plugins.
Preloading 0 native plugins for Editor in 0.00 ms.
Unloading 3709 Unused Serialized files (Serialized files now loaded: 0)
System memory in use before: 288.6 MB.
System memory in use after: 288.5 MB.

Unloading 31 unused Assets to reduce memory usage. Loaded Objects now: 4760.
Total: 5.096400 ms (FindLiveObjects: 0.621000 ms CreateObjectMapping: 0.346800 ms MarkObjects: 3.676100 ms  DeleteObjects: 0.451000 ms)

========================================================================
Received Prepare
Registering precompiled user dll's ...
Registered in 0.004297 seconds.
Begin MonoManager ReloadAssembly
Native extension for WindowsStandalone target not found
Refreshing native plugins compatible for Editor in 1.26 ms, found 0 plugins.
Preloading 0 native plugins for Editor in 0.00 ms.
Mono: successfully reloaded assembly
- Completed reload, in  1.735 seconds
Platform modules already initialized, skipping
Refreshing native plugins compatible for Editor in 1.27 ms, found 0 plugins.
Preloading 0 native plugins for Editor in 0.00 ms.
Unloading 3709 Unused Serialized files (Serialized files now loaded: 0)
System memory in use before: 288.6 MB.
System memory in use after: 288.5 MB.

Unloading 31 unused Assets to reduce memory usage. Loaded Objects now: 4763.
Total: 4.667900 ms (FindLiveObjects: 0.459700 ms CreateObjectMapping: 0.130300 ms MarkObjects: 3.584000 ms  DeleteObjects: 0.492100 ms)

========================================================================
Received Prepare
Registering precompiled user dll's ...
Registered in 0.004596 seconds.
Begin MonoManager ReloadAssembly
Native extension for WindowsStandalone target not found
Refreshing native plugins compatible for Editor in 2.22 ms, found 0 plugins.
Preloading 0 native plugins for Editor in 0.00 ms.
Mono: successfully reloaded assembly
- Completed reload, in  1.712 seconds
Platform modules already initialized, skipping
Refreshing native plugins compatible for Editor in 1.06 ms, found 0 plugins.
Preloading 0 native plugins for Editor in 0.00 ms.
Unloading 3709 Unused Serialized files (Serialized files now loaded: 0)
System memory in use before: 288.6 MB.
System memory in use after: 288.6 MB.

Unloading 31 unused Assets to reduce memory usage. Loaded Objects now: 4766.
Total: 5.085100 ms (FindLiveObjects: 0.559600 ms CreateObjectMapping: 0.212200 ms MarkObjects: 3.811800 ms  DeleteObjects: 0.500200 ms)

========================================================================
Received Prepare
Registering precompiled user dll's ...
Registered in 0.004626 seconds.
Begin MonoManager ReloadAssembly
Native extension for WindowsStandalone target not found
Refreshing native plugins compatible for Editor in 1.04 ms, found 0 plugins.
Preloading 0 native plugins for Editor in 0.00 ms.
Mono: successfully reloaded assembly
- Completed reload, in  1.713 seconds
Platform modules already initialized, skipping
Refreshing native plugins compatible for Editor in 2.10 ms, found 0 plugins.
Preloading 0 native plugins for Editor in 0.00 ms.
Unloading 3709 Unused Serialized files (Serialized files now loaded: 0)
System memory in use before: 288.6 MB.
System memory in use after: 288.6 MB.

Unloading 31 unused Assets to reduce memory usage. Loaded Objects now: 4769.
Total: 8.253500 ms (FindLiveObjects: 1.178100 ms CreateObjectMapping: 0.590700 ms MarkObjects: 6.036500 ms  DeleteObjects: 0.445400 ms)

========================================================================
Received Prepare
Registering precompiled user dll's ...
Registered in 0.004270 seconds.
Begin MonoManager ReloadAssembly
Native extension for WindowsStandalone target not found
Refreshing native plugins compatible for Editor in 1.11 ms, found 0 plugins.
Preloading 0 native plugins for Editor in 0.00 ms.
Mono: successfully reloaded assembly
- Completed reload, in  1.404 seconds
Platform modules already initialized, skipping
Refreshing native plugins compatible for Editor in 1.08 ms, found 0 plugins.
Preloading 0 native plugins for Editor in 0.00 ms.
Unloading 3709 Unused Serialized files (Serialized files now loaded: 0)
System memory in use before: 288.6 MB.
System memory in use after: 288.6 MB.

Unloading 31 unused Assets to reduce memory usage. Loaded Objects now: 4772.
Total: 5.056000 ms (FindLiveObjects: 0.521400 ms CreateObjectMapping: 0.169300 ms MarkObjects: 3.882400 ms  DeleteObjects: 0.480900 ms)

========================================================================
Received Import Request.
  Time since last request: 3735.087240 seconds.
  path: Assets/Scenes/3D Plant/Sky and Fog Settings Profile 1.asset
  artifactKey: Guid(a31be82d9b1624d42ade17d0dc2ad462) Importer(815301076,1909f56bfc062723c751e8b465ee728b)
Start importing Assets/Scenes/3D Plant/Sky and Fog Settings Profile 1.asset using Guid(a31be82d9b1624d42ade17d0dc2ad462) Importer(815301076,1909f56bfc062723c751e8b465ee728b)  -> (artifact id: '728b9b4c87562894885b592158920938') in 0.033994 seconds
  Import took 0.042818 seconds .

========================================================================
Received Import Request.
  Time since last request: 0.013095 seconds.
  path: Assets/Scenes/3D Plant/Sky and Fog Settings Profile 1.asset
  artifactKey: Guid(a31be82d9b1624d42ade17d0dc2ad462) Importer(815301076,1909f56bfc062723c751e8b465ee728b)
Start importing Assets/Scenes/3D Plant/Sky and Fog Settings Profile 1.asset using Guid(a31be82d9b1624d42ade17d0dc2ad462) Importer(815301076,1909f56bfc062723c751e8b465ee728b)  -> (artifact id: '728b9b4c87562894885b592158920938') in 0.003698 seconds
  Import took 0.010425 seconds .

========================================================================
Received Prepare
Registering precompiled user dll's ...
Registered in 0.004009 seconds.
Begin MonoManager ReloadAssembly
Native extension for WindowsStandalone target not found
Refreshing native plugins compatible for Editor in 1.15 ms, found 0 plugins.
Preloading 0 native plugins for Editor in 0.00 ms.
Mono: successfully reloaded assembly
- Completed reload, in  1.399 seconds
Platform modules already initialized, skipping
Refreshing native plugins compatible for Editor in 1.04 ms, found 0 plugins.
Preloading 0 native plugins for Editor in 0.00 ms.
Unloading 3709 Unused Serialized files (Serialized files now loaded: 0)
System memory in use before: 288.7 MB.
System memory in use after: 288.6 MB.

Unloading 31 unused Assets to reduce memory usage. Loaded Objects now: 4775.
Total: 8.559600 ms (FindLiveObjects: 0.787600 ms CreateObjectMapping: 0.500200 ms MarkObjects: 6.542700 ms  DeleteObjects: 0.726700 ms)

========================================================================
Received Prepare
Registering precompiled user dll's ...
Registered in 0.003895 seconds.
Begin MonoManager ReloadAssembly
Native extension for WindowsStandalone target not found
Refreshing native plugins compatible for Editor in 1.46 ms, found 0 plugins.
Preloading 0 native plugins for Editor in 0.00 ms.
Mono: successfully reloaded assembly
- Completed reload, in  1.479 seconds
Platform modules already initialized, skipping
Refreshing native plugins compatible for Editor in 1.06 ms, found 0 plugins.
Preloading 0 native plugins for Editor in 0.00 ms.
Unloading 3709 Unused Serialized files (Serialized files now loaded: 0)
System memory in use before: 288.7 MB.
System memory in use after: 288.6 MB.

Unloading 31 unused Assets to reduce memory usage. Loaded Objects now: 4778.
Total: 4.360700 ms (FindLiveObjects: 0.569200 ms CreateObjectMapping: 0.163700 ms MarkObjects: 3.158700 ms  DeleteObjects: 0.467600 ms)

========================================================================
Received Prepare
Registering precompiled user dll's ...
Registered in 0.004212 seconds.
Begin MonoManager ReloadAssembly
Native extension for WindowsStandalone target not found
Refreshing native plugins compatible for Editor in 1.04 ms, found 0 plugins.
Preloading 0 native plugins for Editor in 0.00 ms.
Mono: successfully reloaded assembly
- Completed reload, in  1.456 seconds
Platform modules already initialized, skipping
Refreshing native plugins compatible for Editor in 1.05 ms, found 0 plugins.
Preloading 0 native plugins for Editor in 0.00 ms.
Unloading 3709 Unused Serialized files (Serialized files now loaded: 0)
System memory in use before: 288.6 MB.
System memory in use after: 288.6 MB.

Unloading 31 unused Assets to reduce memory usage. Loaded Objects now: 4781.
Total: 5.008500 ms (FindLiveObjects: 0.557300 ms CreateObjectMapping: 0.355800 ms MarkObjects: 3.666300 ms  DeleteObjects: 0.427700 ms)

========================================================================
Received Prepare
Registering precompiled user dll's ...
Registered in 0.004921 seconds.
Begin MonoManager ReloadAssembly
Native extension for WindowsStandalone target not found
Refreshing native plugins compatible for Editor in 1.14 ms, found 0 plugins.
Preloading 0 native plugins for Editor in 0.00 ms.
Mono: successfully reloaded assembly
- Completed reload, in  1.717 seconds
Platform modules already initialized, skipping
Refreshing native plugins compatible for Editor in 1.43 ms, found 0 plugins.
Preloading 0 native plugins for Editor in 0.00 ms.
Unloading 3709 Unused Serialized files (Serialized files now loaded: 0)
System memory in use before: 288.7 MB.
System memory in use after: 288.6 MB.

Unloading 31 unused Assets to reduce memory usage. Loaded Objects now: 4784.
Total: 6.419600 ms (FindLiveObjects: 0.959900 ms CreateObjectMapping: 0.356000 ms MarkObjects: 4.525900 ms  DeleteObjects: 0.575600 ms)

========================================================================
Received Prepare
Registering precompiled user dll's ...
Registered in 0.004561 seconds.
Begin MonoManager ReloadAssembly
Native extension for WindowsStandalone target not found
Refreshing native plugins compatible for Editor in 1.05 ms, found 0 plugins.
Preloading 0 native plugins for Editor in 0.00 ms.
Mono: successfully reloaded assembly
- Completed reload, in  1.389 seconds
Platform modules already initialized, skipping
Refreshing native plugins compatible for Editor in 1.05 ms, found 0 plugins.
Preloading 0 native plugins for Editor in 0.00 ms.
Unloading 3709 Unused Serialized files (Serialized files now loaded: 0)
System memory in use before: 288.7 MB.
System memory in use after: 288.6 MB.

Unloading 31 unused Assets to reduce memory usage. Loaded Objects now: 4787.
Total: 4.291100 ms (FindLiveObjects: 0.546100 ms CreateObjectMapping: 0.221700 ms MarkObjects: 3.090900 ms  DeleteObjects: 0.431000 ms)

AssetImportWorkerClient::OnTransportError - code=2 error=End of file
