Using pre-set license
Built from '2020.3/staging' branch; Version is '2020.3.5f1 (8095aa901b9b) revision 8426922'; Using compiler version '192528614'; Build Type 'Release'
OS: 'Windows 10 Home; OS build 19045.3693; Version 2009; 64bit' Language: 'zh' Physical Memory: 14274 MB
BatchMode: 1, IsHumanControllingUs: 0, StartBugReporterOnCrash: 0, Is64bit: 1, IsPro: 0

 COMMAND LINE ARGUMENTS:
D:\Unity\2020.3.5f1\Editor\Unity.exe
-adb2
-batchMode
-noUpm
-name
AssetImportWorker0
-projectPath
E:/Unity/Traumhause_Fan he
-logFile
Logs/AssetImportWorker0.log
-srvPort
56221
Successfully changed project path to: E:/Unity/Traumhause_Fan he
E:/Unity/Traumhause_Fan he
Using Asset Import Pipeline V2.
Refreshing native plugins compatible for Editor in 440.19 ms, found 0 plugins.
Preloading 0 native plugins for Editor in 0.00 ms.
Initialize engine version: 2020.3.5f1 (8095aa901b9b)
[Subsystems] Discovering subsystems at path D:/Unity/2020.3.5f1/Editor/Data/Resources/UnitySubsystems
[Subsystems] Discovering subsystems at path E:/Unity/Traumhause_Fan he/Assets
GfxDevice: creating device client; threaded=0
Direct3D:
    Version:  Direct3D 11.0 [level 11.1]
    Renderer: NVIDIA GeForce GTX 1050 Ti (ID=0x1c8c)
    Vendor:   
    VRAM:     4021 MB
    Driver:   27.21.14.5167
Initialize mono
Mono path[0] = 'D:/Unity/2020.3.5f1/Editor/Data/Managed'
Mono path[1] = 'D:/Unity/2020.3.5f1/Editor/Data/MonoBleedingEdge/lib/mono/unityjit'
Mono config path = 'D:/Unity/2020.3.5f1/Editor/Data/MonoBleedingEdge/etc'
Using monoOptions --debugger-agent=transport=dt_socket,embedding=1,server=y,suspend=n,address=127.0.0.1:56724
Begin MonoManager ReloadAssembly
Registering precompiled unity dll's ...
Register platform support module: D:/Unity/2020.3.5f1/Editor/Data/PlaybackEngines/WindowsStandaloneSupport/UnityEditor.WindowsStandalone.Extensions.dll
Registered in 0.002135 seconds.
Native extension for WindowsStandalone target not found
Refreshing native plugins compatible for Editor in 161.43 ms, found 0 plugins.
Preloading 0 native plugins for Editor in 0.00 ms.
Mono: successfully reloaded assembly
- Completed reload, in  2.609 seconds
Platform modules already initialized, skipping
Registering precompiled user dll's ...
Registered in 0.005178 seconds.
Begin MonoManager ReloadAssembly
Native extension for WindowsStandalone target not found
Refreshing native plugins compatible for Editor in 122.88 ms, found 0 plugins.
Preloading 0 native plugins for Editor in 0.00 ms.
Mono: successfully reloaded assembly
- Completed reload, in  2.020 seconds
Platform modules already initialized, skipping
========================================================================
Worker process is ready to serve import requests
Launched and connected shader compiler UnityShaderCompiler.exe after 0.07 seconds
Refreshing native plugins compatible for Editor in 1.49 ms, found 0 plugins.
Preloading 0 native plugins for Editor in 0.00 ms.
Unloading 3998 Unused Serialized files (Serialized files now loaded: 0)
System memory in use before: 293.8 MB.
System memory in use after: 293.7 MB.

Unloading 39 unused Assets to reduce memory usage. Loaded Objects now: 4491.
Total: 6.567200 ms (FindLiveObjects: 0.976400 ms CreateObjectMapping: 0.598800 ms MarkObjects: 4.549800 ms  DeleteObjects: 0.440200 ms)

========================================================================
Received Import Request.
  path: Assets/script/Datenbank/MainItem.cs
  artifactKey: Guid(b0c250f17c1a02e4b9d8d87192d8f8e5) Importer(815301076,1909f56bfc062723c751e8b465ee728b)
Start importing Assets/script/Datenbank/MainItem.cs using Guid(b0c250f17c1a02e4b9d8d87192d8f8e5) Importer(815301076,1909f56bfc062723c751e8b465ee728b)  -> (artifact id: '23282ced1e716bc0373bc39b3aaf4280') in 0.054487 seconds
  Import took 0.063437 seconds .

========================================================================
Received Prepare
Registering precompiled user dll's ...
Registered in 0.004046 seconds.
Begin MonoManager ReloadAssembly
Native extension for WindowsStandalone target not found
Refreshing native plugins compatible for Editor in 1.04 ms, found 0 plugins.
Preloading 0 native plugins for Editor in 0.00 ms.
Mono: successfully reloaded assembly
- Completed reload, in  1.424 seconds
Platform modules already initialized, skipping
Refreshing native plugins compatible for Editor in 1.04 ms, found 0 plugins.
Preloading 0 native plugins for Editor in 0.00 ms.
Unloading 3708 Unused Serialized files (Serialized files now loaded: 0)
System memory in use before: 278.0 MB.
System memory in use after: 277.9 MB.

Unloading 31 unused Assets to reduce memory usage. Loaded Objects now: 4494.
Total: 3.974400 ms (FindLiveObjects: 0.464300 ms CreateObjectMapping: 0.160300 ms MarkObjects: 3.005600 ms  DeleteObjects: 0.342700 ms)

========================================================================
Received Prepare
Registering precompiled user dll's ...
Registered in 0.004433 seconds.
Begin MonoManager ReloadAssembly
Native extension for WindowsStandalone target not found
Refreshing native plugins compatible for Editor in 1.11 ms, found 0 plugins.
Preloading 0 native plugins for Editor in 0.00 ms.
Mono: successfully reloaded assembly
- Completed reload, in  1.458 seconds
Platform modules already initialized, skipping
Refreshing native plugins compatible for Editor in 1.03 ms, found 0 plugins.
Preloading 0 native plugins for Editor in 0.00 ms.
Unloading 3708 Unused Serialized files (Serialized files now loaded: 0)
System memory in use before: 278.0 MB.
System memory in use after: 278.0 MB.

Unloading 31 unused Assets to reduce memory usage. Loaded Objects now: 4497.
Total: 4.182400 ms (FindLiveObjects: 0.511900 ms CreateObjectMapping: 0.155900 ms MarkObjects: 3.107500 ms  DeleteObjects: 0.404900 ms)

========================================================================
Received Prepare
Registering precompiled user dll's ...
Registered in 0.004001 seconds.
Begin MonoManager ReloadAssembly
Native extension for WindowsStandalone target not found
Refreshing native plugins compatible for Editor in 1.06 ms, found 0 plugins.
Preloading 0 native plugins for Editor in 0.00 ms.
Mono: successfully reloaded assembly
- Completed reload, in  1.568 seconds
Platform modules already initialized, skipping
Refreshing native plugins compatible for Editor in 1.43 ms, found 0 plugins.
Preloading 0 native plugins for Editor in 0.00 ms.
Unloading 3708 Unused Serialized files (Serialized files now loaded: 0)
System memory in use before: 278.0 MB.
System memory in use after: 278.0 MB.

Unloading 31 unused Assets to reduce memory usage. Loaded Objects now: 4500.
Total: 7.028400 ms (FindLiveObjects: 1.371800 ms CreateObjectMapping: 0.630500 ms MarkObjects: 4.584200 ms  DeleteObjects: 0.439500 ms)

========================================================================
Received Import Request.
  Time since last request: 2845.005822 seconds.
  path: Assets/script/Datenbank/ScenesItem.cs
  artifactKey: Guid(819c41488fc709044afd17fc8a488e64) Importer(815301076,1909f56bfc062723c751e8b465ee728b)
Start importing Assets/script/Datenbank/ScenesItem.cs using Guid(819c41488fc709044afd17fc8a488e64) Importer(815301076,1909f56bfc062723c751e8b465ee728b)  -> (artifact id: '03f960d1ecbaed4ad51a5f7dbbf56aea') in 0.019569 seconds
  Import took 0.029489 seconds .

========================================================================
Received Import Request.
  Time since last request: 0.334381 seconds.
  path: Assets/script/Datenbank/SurfaceGenerator.cs
  artifactKey: Guid(657a61a9ef6ef444bb2e4686b92d7263) Importer(815301076,1909f56bfc062723c751e8b465ee728b)
Start importing Assets/script/Datenbank/SurfaceGenerator.cs using Guid(657a61a9ef6ef444bb2e4686b92d7263) Importer(815301076,1909f56bfc062723c751e8b465ee728b)  -> (artifact id: '39e0c22abdccd14b971b92929a7597b7') in 0.011116 seconds
  Import took 0.018387 seconds .

========================================================================
Received Import Request.
  Time since last request: 0.000555 seconds.
  path: Assets/script/Datenbank/SurfaceGenerator.cs
  artifactKey: Guid(657a61a9ef6ef444bb2e4686b92d7263) Importer(815301076,1909f56bfc062723c751e8b465ee728b)
Start importing Assets/script/Datenbank/SurfaceGenerator.cs using Guid(657a61a9ef6ef444bb2e4686b92d7263) Importer(815301076,1909f56bfc062723c751e8b465ee728b)  -> (artifact id: '39e0c22abdccd14b971b92929a7597b7') in 0.002829 seconds
  Import took 0.009847 seconds .

========================================================================
Received Import Request.
  Time since last request: 1.248220 seconds.
  path: Assets/script/Datenbank/GridPrefab.cs
  artifactKey: Guid(bf824b1e60e0ba846bd3fcf44fdec697) Importer(815301076,1909f56bfc062723c751e8b465ee728b)
Start importing Assets/script/Datenbank/GridPrefab.cs using Guid(bf824b1e60e0ba846bd3fcf44fdec697) Importer(815301076,1909f56bfc062723c751e8b465ee728b)  -> (artifact id: 'c9916890722307d0f770378d392837e0') in 0.012417 seconds
  Import took 0.021426 seconds .

========================================================================
Received Prepare
Registering precompiled user dll's ...
Registered in 0.003957 seconds.
Begin MonoManager ReloadAssembly
Native extension for WindowsStandalone target not found
Refreshing native plugins compatible for Editor in 1.19 ms, found 0 plugins.
Preloading 0 native plugins for Editor in 0.00 ms.
Mono: successfully reloaded assembly
- Completed reload, in  1.396 seconds
Platform modules already initialized, skipping
Refreshing native plugins compatible for Editor in 1.26 ms, found 0 plugins.
Preloading 0 native plugins for Editor in 0.00 ms.
Unloading 3709 Unused Serialized files (Serialized files now loaded: 0)
System memory in use before: 278.1 MB.
System memory in use after: 278.0 MB.

Unloading 31 unused Assets to reduce memory usage. Loaded Objects now: 4504.
Total: 5.204400 ms (FindLiveObjects: 0.529000 ms CreateObjectMapping: 0.233300 ms MarkObjects: 3.950400 ms  DeleteObjects: 0.489600 ms)

========================================================================
Received Import Request.
  Time since last request: 1878.786225 seconds.
  path: Assets/script/PlayerBlumenSammen.cs
  artifactKey: Guid(c469603acbf910f4c82da2f41657ad7b) Importer(815301076,1909f56bfc062723c751e8b465ee728b)
Start importing Assets/script/PlayerBlumenSammen.cs using Guid(c469603acbf910f4c82da2f41657ad7b) Importer(815301076,1909f56bfc062723c751e8b465ee728b)  -> (artifact id: 'aab8a93577b196df4519f1c2517fec73') in 0.017012 seconds
  Import took 0.026332 seconds .

========================================================================
Received Import Request.
  Time since last request: 1217.633480 seconds.
  path: Assets/script/Datenbank/BlockManager.cs
  artifactKey: Guid(ea68d97c0c6af1644b1e11e162dddca8) Importer(815301076,1909f56bfc062723c751e8b465ee728b)
Start importing Assets/script/Datenbank/BlockManager.cs using Guid(ea68d97c0c6af1644b1e11e162dddca8) Importer(815301076,1909f56bfc062723c751e8b465ee728b)  -> (artifact id: '5e6050bc083d4308ecd43c356912cafe') in 0.011315 seconds
  Import took 0.019845 seconds .

========================================================================
Received Prepare
Registering precompiled user dll's ...
Registered in 0.004042 seconds.
Begin MonoManager ReloadAssembly
Native extension for WindowsStandalone target not found
Refreshing native plugins compatible for Editor in 1.04 ms, found 0 plugins.
Preloading 0 native plugins for Editor in 0.00 ms.
Mono: successfully reloaded assembly
- Completed reload, in  1.408 seconds
Platform modules already initialized, skipping
Refreshing native plugins compatible for Editor in 1.67 ms, found 0 plugins.
Preloading 0 native plugins for Editor in 0.00 ms.
Unloading 3709 Unused Serialized files (Serialized files now loaded: 0)
System memory in use before: 278.1 MB.
System memory in use after: 278.0 MB.

Unloading 31 unused Assets to reduce memory usage. Loaded Objects now: 4507.
Total: 5.563800 ms (FindLiveObjects: 0.665100 ms CreateObjectMapping: 0.284700 ms MarkObjects: 3.939100 ms  DeleteObjects: 0.673200 ms)

========================================================================
Received Import Request.
  Time since last request: 2759.370191 seconds.
  path: Assets/script/Datenbank/ScenesItem.cs
  artifactKey: Guid(819c41488fc709044afd17fc8a488e64) Importer(815301076,1909f56bfc062723c751e8b465ee728b)
Start importing Assets/script/Datenbank/ScenesItem.cs using Guid(819c41488fc709044afd17fc8a488e64) Importer(815301076,1909f56bfc062723c751e8b465ee728b)  -> (artifact id: 'a907c926a00718f219a2a657ca22b81b') in 0.015674 seconds
  Import took 0.024175 seconds .

========================================================================
Received Import Request.
  Time since last request: 1.635507 seconds.
  path: Assets/script/Datenbank/ScenesItem.cs
  artifactKey: Guid(819c41488fc709044afd17fc8a488e64) Importer(815301076,1909f56bfc062723c751e8b465ee728b)
Start importing Assets/script/Datenbank/ScenesItem.cs using Guid(819c41488fc709044afd17fc8a488e64) Importer(815301076,1909f56bfc062723c751e8b465ee728b)  -> (artifact id: 'a907c926a00718f219a2a657ca22b81b') in 0.003135 seconds
  Import took 0.011124 seconds .

========================================================================
Received Prepare
Registering precompiled user dll's ...
Registered in 0.004668 seconds.
Begin MonoManager ReloadAssembly
Native extension for WindowsStandalone target not found
Refreshing native plugins compatible for Editor in 1.02 ms, found 0 plugins.
Preloading 0 native plugins for Editor in 0.00 ms.
Mono: successfully reloaded assembly
- Completed reload, in  1.402 seconds
Platform modules already initialized, skipping
Refreshing native plugins compatible for Editor in 1.29 ms, found 0 plugins.
Preloading 0 native plugins for Editor in 0.00 ms.
Unloading 3709 Unused Serialized files (Serialized files now loaded: 0)
System memory in use before: 278.1 MB.
System memory in use after: 278.1 MB.

Unloading 31 unused Assets to reduce memory usage. Loaded Objects now: 4510.
Total: 4.906200 ms (FindLiveObjects: 0.512100 ms CreateObjectMapping: 0.161100 ms MarkObjects: 3.698600 ms  DeleteObjects: 0.532900 ms)

========================================================================
Received Prepare
Registering precompiled user dll's ...
Registered in 0.003981 seconds.
Begin MonoManager ReloadAssembly
Native extension for WindowsStandalone target not found
Refreshing native plugins compatible for Editor in 1.36 ms, found 0 plugins.
Preloading 0 native plugins for Editor in 0.00 ms.
Mono: successfully reloaded assembly
- Completed reload, in  1.613 seconds
Platform modules already initialized, skipping
Refreshing native plugins compatible for Editor in 1.46 ms, found 0 plugins.
Preloading 0 native plugins for Editor in 0.00 ms.
Unloading 3709 Unused Serialized files (Serialized files now loaded: 0)
System memory in use before: 278.2 MB.
System memory in use after: 278.1 MB.

Unloading 31 unused Assets to reduce memory usage. Loaded Objects now: 4513.
Total: 6.327900 ms (FindLiveObjects: 0.841700 ms CreateObjectMapping: 0.569200 ms MarkObjects: 4.419300 ms  DeleteObjects: 0.496100 ms)

========================================================================
Received Prepare
Registering precompiled user dll's ...
Registered in 0.005652 seconds.
Begin MonoManager ReloadAssembly
Native extension for WindowsStandalone target not found
Refreshing native plugins compatible for Editor in 1.03 ms, found 0 plugins.
Preloading 0 native plugins for Editor in 0.00 ms.
Mono: successfully reloaded assembly
- Completed reload, in  1.398 seconds
Platform modules already initialized, skipping
Refreshing native plugins compatible for Editor in 1.03 ms, found 0 plugins.
Preloading 0 native plugins for Editor in 0.00 ms.
Unloading 3709 Unused Serialized files (Serialized files now loaded: 0)
System memory in use before: 278.1 MB.
System memory in use after: 278.1 MB.

Unloading 31 unused Assets to reduce memory usage. Loaded Objects now: 4516.
Total: 5.754000 ms (FindLiveObjects: 0.857200 ms CreateObjectMapping: 0.367500 ms MarkObjects: 4.005300 ms  DeleteObjects: 0.522300 ms)

========================================================================
Received Prepare
Registering precompiled user dll's ...
Registered in 0.004296 seconds.
Begin MonoManager ReloadAssembly
Native extension for WindowsStandalone target not found
Refreshing native plugins compatible for Editor in 1.35 ms, found 0 plugins.
Preloading 0 native plugins for Editor in 0.00 ms.
Mono: successfully reloaded assembly
- Completed reload, in  1.510 seconds
Platform modules already initialized, skipping
Refreshing native plugins compatible for Editor in 1.06 ms, found 0 plugins.
Preloading 0 native plugins for Editor in 0.00 ms.
Unloading 3709 Unused Serialized files (Serialized files now loaded: 0)
System memory in use before: 278.1 MB.
System memory in use after: 278.1 MB.

Unloading 31 unused Assets to reduce memory usage. Loaded Objects now: 4519.
Total: 4.732700 ms (FindLiveObjects: 0.495000 ms CreateObjectMapping: 0.254600 ms MarkObjects: 3.563200 ms  DeleteObjects: 0.417800 ms)

========================================================================
Received Prepare
Registering precompiled user dll's ...
Registered in 0.004053 seconds.
Begin MonoManager ReloadAssembly
Native extension for WindowsStandalone target not found
Refreshing native plugins compatible for Editor in 1.12 ms, found 0 plugins.
Preloading 0 native plugins for Editor in 0.00 ms.
Mono: successfully reloaded assembly
- Completed reload, in  1.382 seconds
Platform modules already initialized, skipping
Refreshing native plugins compatible for Editor in 1.04 ms, found 0 plugins.
Preloading 0 native plugins for Editor in 0.00 ms.
Unloading 3709 Unused Serialized files (Serialized files now loaded: 0)
System memory in use before: 278.1 MB.
System memory in use after: 278.1 MB.

Unloading 31 unused Assets to reduce memory usage. Loaded Objects now: 4522.
Total: 7.589700 ms (FindLiveObjects: 1.150900 ms CreateObjectMapping: 0.667800 ms MarkObjects: 5.219700 ms  DeleteObjects: 0.548500 ms)

========================================================================
Received Prepare
Registering precompiled user dll's ...
Registered in 0.005404 seconds.
Begin MonoManager ReloadAssembly
Native extension for WindowsStandalone target not found
Refreshing native plugins compatible for Editor in 1.25 ms, found 0 plugins.
Preloading 0 native plugins for Editor in 0.00 ms.
Mono: successfully reloaded assembly
- Completed reload, in  1.527 seconds
Platform modules already initialized, skipping
Refreshing native plugins compatible for Editor in 1.36 ms, found 0 plugins.
Preloading 0 native plugins for Editor in 0.00 ms.
Unloading 3709 Unused Serialized files (Serialized files now loaded: 0)
System memory in use before: 278.2 MB.
System memory in use after: 278.1 MB.

Unloading 31 unused Assets to reduce memory usage. Loaded Objects now: 4525.
Total: 6.146200 ms (FindLiveObjects: 1.017700 ms CreateObjectMapping: 0.414800 ms MarkObjects: 4.212200 ms  DeleteObjects: 0.499700 ms)

========================================================================
Received Prepare
Registering precompiled user dll's ...
Registered in 0.003950 seconds.
Begin MonoManager ReloadAssembly
Native extension for WindowsStandalone target not found
Refreshing native plugins compatible for Editor in 1.05 ms, found 0 plugins.
Preloading 0 native plugins for Editor in 0.00 ms.
Mono: successfully reloaded assembly
- Completed reload, in  1.577 seconds
Platform modules already initialized, skipping
Refreshing native plugins compatible for Editor in 1.48 ms, found 0 plugins.
Preloading 0 native plugins for Editor in 0.00 ms.
Unloading 3709 Unused Serialized files (Serialized files now loaded: 0)
System memory in use before: 278.2 MB.
System memory in use after: 278.1 MB.

Unloading 31 unused Assets to reduce memory usage. Loaded Objects now: 4528.
Total: 6.590700 ms (FindLiveObjects: 0.999600 ms CreateObjectMapping: 0.299700 ms MarkObjects: 4.571300 ms  DeleteObjects: 0.717800 ms)

========================================================================
Received Prepare
Registering precompiled user dll's ...
Registered in 0.004080 seconds.
Begin MonoManager ReloadAssembly
Native extension for WindowsStandalone target not found
Refreshing native plugins compatible for Editor in 1.05 ms, found 0 plugins.
Preloading 0 native plugins for Editor in 0.00 ms.
Mono: successfully reloaded assembly
- Completed reload, in  1.436 seconds
Platform modules already initialized, skipping
Refreshing native plugins compatible for Editor in 1.01 ms, found 0 plugins.
Preloading 0 native plugins for Editor in 0.00 ms.
Unloading 3709 Unused Serialized files (Serialized files now loaded: 0)
System memory in use before: 278.2 MB.
System memory in use after: 278.1 MB.

Unloading 31 unused Assets to reduce memory usage. Loaded Objects now: 4531.
Total: 6.442000 ms (FindLiveObjects: 0.694800 ms CreateObjectMapping: 0.483500 ms MarkObjects: 4.747400 ms  DeleteObjects: 0.514300 ms)

AssetImportWorkerClient::OnTransportError - code=2 error=End of file
